0 1 7 28 84 226 242 261 271 344 427 478 482 484 487 492 498 499 
2 3 12 214 243 249 290 308 357 447 475 483 485 490 497 496 4 
8 5 6 14 33 48 78 229 259 272 315 391 430 452 461 470 481 491 494 495 321 
9 10 17 43 57 69 233 273 400 408 455 468 473 480 493 443 18 
19 11 15 27 54 74 190 220 253 270 291 392 421 436 444 469 474 489 488 419 
21 13 20 26 50 67 118 200 241 256 296 366 370 403 424 442 462 471 472 486 466 445 295 29 
16 25 37 68 97 153 215 254 264 307 381 401 440 463 479 477 376 96 24 
23 22 38 46 58 106 148 168 205 248 279 368 379 441 458 464 476 467 457 257 141 40 32 
30 35 49 66 79 119 151 193 209 284 289 305 428 453 459 465 460 446 410 135 85 42 
36 31 34 39 56 71 109 149 179 191 251 301 431 448 451 456 454 450 433 385 75 
41 44 45 47 61 104 126 177 197 287 306 390 435 449 438 425 422 252 114 
70 51 52 55 59 95 170 176 247 275 292 327 414 439 437 417 399 199 80 
63 53 64 108 142 202 263 274 336 363 416 420 432 434 426 383 328 258 89 
90 65 62 60 76 98 150 201 213 294 337 346 397 423 429 413 396 373 317 163 
82 73 72 87 131 169 232 265 329 387 407 418 409 380 302 260 207 
128 88 81 77 100 102 116 183 218 288 322 378 398 412 415 406 388 319 
127 94 91 83 92 101 136 157 186 231 298 338 372 402 404 411 375 299 198 
120 115 103 86 93 121 162 217 235 244 314 323 360 367 393 405 394 384 189 
107 99 105 111 125 156 234 330 369 371 386 395 389 349 178 
129 112 110 134 173 206 230 297 312 358 365 382 377 333 185 
175 130 123 117 113 122 147 155 222 240 266 310 356 362 374 342 
138 124 132 140 166 187 228 282 311 352 364 281 164 
144 133 159 180 227 309 325 351 361 359 355 278 
145 137 143 158 171 210 262 283 320 340 347 354 353 332 285 
146 139 152 184 195 268 341 348 350 331 300 219 
188 174 167 160 154 161 203 255 293 316 326 343 345 324 245 
182 165 172 211 238 303 339 335 313 267 204 192 
181 194 212 276 318 334 277 221 196 
224 216 208 223 304 286 280 269 
239 225 237 250 246 
